  [1m[35m (413.5ms)[0m  [1m[35mCREATE DATABASE "todoApp_development" ENCODING = 'unicode'[0m
  ↳ bin/rails:9
  [1m[35m (300.5ms)[0m  [1m[35mCREATE DATABASE "todoApp_test" ENCODING = 'unicode'[0m
  ↳ bin/rails:9
  [1m[35m (9.9ms)[0m  [1m[35mCREATE TABLE "schema_migrations" ("version" character varying NOT NULL PRIMARY KEY)[0m
  ↳ bin/rails:9
  [1m[35m (6.3ms)[0m  [1m[35mCREATE TABLE "ar_internal_metadata" ("key" character varying NOT NULL PRIMARY KEY, "value" character varying, "created_at" timestamp NOT NULL, "updated_at" timestamp NOT NULL)[0m
  ↳ bin/rails:9
  [1m[35m (0.3ms)[0m  [1m[34mSELECT pg_try_advisory_lock(1497782295571331280)[0m
  ↳ bin/rails:9
  [1m[35m (0.5ms)[0m  [1m[34mSELECT "schema_migrations"."version" FROM "schema_migrations" ORDER BY "schema_migrations"."version" ASC[0m
  ↳ bin/rails:9
Migrating to CreateTodos (20210826174834)
  [1m[35m (0.2ms)[0m  [1m[35mBEGIN[0m
  ↳ bin/rails:9
  [1m[35m (9.9ms)[0m  [1m[35mCREATE TABLE "todos" ("id" bigserial primary key, "title" character varying NOT NULL, "body" character varying NOT NULL, "done" boolean NOT NULL, "created_at" timestamp NOT NULL, "updated_at" timestamp NOT NULL)[0m
  ↳ db/migrate/20210826174834_create_todos.rb:3
  [1m[36mActiveRecord::SchemaMigration Create (0.9ms)[0m  [1m[32mINSERT INTO "schema_migrations" ("version") VALUES ($1) RETURNING "version"[0m  [["version", "20210826174834"]]
  ↳ bin/rails:9
  [1m[35m (1.9ms)[0m  [1m[35mCOMMIT[0m
  ↳ bin/rails:9
  [1m[36mActiveRecord::InternalMetadata Load (1.2ms)[0m  [1m[34mSELECT  "ar_internal_metadata".* FROM "ar_internal_metadata" WHERE "ar_internal_metadata"."key" = $1 LIMIT $2[0m  [["key", "environment"], ["LIMIT", 1]]
  ↳ bin/rails:9
  [1m[35m (0.5ms)[0m  [1m[35mBEGIN[0m
  ↳ bin/rails:9
  [1m[36mActiveRecord::InternalMetadata Create (0.6ms)[0m  [1m[32mINSERT INTO "ar_internal_metadata" ("key", "value", "created_at", "updated_at") VALUES ($1, $2, $3, $4) RETURNING "key"[0m  [["key", "environment"], ["value", "development"], ["created_at", "2021-08-26 17:50:59.100504"], ["updated_at", "2021-08-26 17:50:59.100504"]]
  ↳ bin/rails:9
  [1m[35m (1.3ms)[0m  [1m[35mCOMMIT[0m
  ↳ bin/rails:9
  [1m[35m (1.4ms)[0m  [1m[34mSELECT pg_advisory_unlock(1497782295571331280)[0m
  ↳ bin/rails:9
  [1m[35m (0.5ms)[0m  [1m[34mSELECT "schema_migrations"."version" FROM "schema_migrations" ORDER BY "schema_migrations"."version" ASC[0m
  ↳ bin/rails:9
  [1m[36mTodo Load (0.6ms)[0m  [1m[34mSELECT "todos".* FROM "todos"[0m
  [1m[36mTodo Load (0.6ms)[0m  [1m[34mSELECT "todos".* FROM "todos"[0m
  [1m[35m (0.4ms)[0m  [1m[35mBEGIN[0m
  [1m[36mTodo Create (0.7ms)[0m  [1m[32mINSERT INTO "todos" ("title", "body", "done", "created_at", "updated_at") VALUES ($1, $2, $3, $4, $5) RETURNING "id"[0m  [["title", "Wash Car"], ["body", "With Soap"], ["done", false], ["created_at", "2021-08-26 17:54:54.267756"], ["updated_at", "2021-08-26 17:54:54.267756"]]
  [1m[35m (2.6ms)[0m  [1m[35mCOMMIT[0m
  [1m[36mTodo Load (0.5ms)[0m  [1m[34mSELECT "todos".* FROM "todos"[0m
  [1m[35m (0.3ms)[0m  [1m[35mBEGIN[0m
  [1m[36mTodo Create (0.4ms)[0m  [1m[32mINSERT INTO "todos" ("title", "body", "done", "created_at", "updated_at") VALUES ($1, $2, $3, $4, $5) RETURNING "id"[0m  [["title", "Wash Dishes"], ["body", "With water"], ["done", false], ["created_at", "2021-08-26 17:55:14.777044"], ["updated_at", "2021-08-26 17:55:14.777044"]]
  [1m[35m (1.3ms)[0m  [1m[35mCOMMIT[0m
  [1m[36mTodo Load (0.5ms)[0m  [1m[34mSELECT "todos".* FROM "todos"[0m
  [1m[36mTodo Load (1.3ms)[0m  [1m[34mSELECT "todos".* FROM "todos"[0m
  [1m[35m (0.5ms)[0m  [1m[34mSELECT "schema_migrations"."version" FROM "schema_migrations" ORDER BY "schema_migrations"."version" ASC[0m
  ↳ bin/rails:9
  [1m[35m (0.2ms)[0m  [1m[35mBEGIN[0m
  ↳ db/seeds.rb:9
  [1m[36mTodo Load (0.4ms)[0m  [1m[34mSELECT "todos".* FROM "todos"[0m
  ↳ db/seeds.rb:10
  [1m[36mTodo Destroy (1.9ms)[0m  [1m[31mDELETE FROM "todos" WHERE "todos"."id" = $1[0m  [["id", 1]]
  ↳ db/seeds.rb:10
  [1m[36mTodo Destroy (2.6ms)[0m  [1m[31mDELETE FROM "todos" WHERE "todos"."id" = $1[0m  [["id", 2]]
  ↳ db/seeds.rb:10
  [1m[36mTodo Create (1.1ms)[0m  [1m[32mINSERT INTO "todos" ("title", "body", "done", "created_at", "updated_at") VALUES ($1, $2, $3, $4, $5) RETURNING "id"[0m  [["title", "Wash Car"], ["body", "With Soap"], ["done", false], ["created_at", "2021-08-26 18:20:44.580755"], ["updated_at", "2021-08-26 18:20:44.580755"]]
  ↳ db/seeds.rb:12
  [1m[36mTodo Create (0.7ms)[0m  [1m[32mINSERT INTO "todos" ("title", "body", "done", "created_at", "updated_at") VALUES ($1, $2, $3, $4, $5) RETURNING "id"[0m  [["title", "Wash Dishes"], ["body", "With Water"], ["done", true], ["created_at", "2021-08-26 18:20:44.584859"], ["updated_at", "2021-08-26 18:20:44.584859"]]
  ↳ db/seeds.rb:13
  [1m[36mTodo Create (0.4ms)[0m  [1m[32mINSERT INTO "todos" ("title", "body", "done", "created_at", "updated_at") VALUES ($1, $2, $3, $4, $5) RETURNING "id"[0m  [["title", "Wash Clothes"], ["body", "Go to laundry"], ["done", false], ["created_at", "2021-08-26 18:20:44.587470"], ["updated_at", "2021-08-26 18:20:44.587470"]]
  ↳ db/seeds.rb:14
  [1m[36mTodo Create (0.3ms)[0m  [1m[32mINSERT INTO "todos" ("title", "body", "done", "created_at", "updated_at") VALUES ($1, $2, $3, $4, $5) RETURNING "id"[0m  [["title", "Buy Milk"], ["body", "Whole Milk!"], ["done", true], ["created_at", "2021-08-26 18:20:44.589258"], ["updated_at", "2021-08-26 18:20:44.589258"]]
  ↳ db/seeds.rb:15
  [1m[35m (1.3ms)[0m  [1m[35mCOMMIT[0m
  ↳ db/seeds.rb:9
Started GET "/" for ::1 at 2021-08-26 14:21:14 -0400
  [1m[35m (0.5ms)[0m  [1m[34mSELECT "schema_migrations"."version" FROM "schema_migrations" ORDER BY "schema_migrations"."version" ASC[0m
  ↳ /home/waj/.rbenv/versions/2.5.1/lib/ruby/gems/2.5.0/gems/activerecord-5.2.6/lib/active_record/log_subscriber.rb:98
Processing by StaticPagesController#root as HTML
Completed 406 Not Acceptable in 16ms (ActiveRecord: 0.0ms)



ActionController::UnknownFormat - StaticPagesController#root is missing a template for this request format and variant.
request.formats: ["text/html"]
request.variant: []
NOTE! For XHR/Ajax or API requests, this action would normally respond with 204 No Content: an empty white screen. Since you're loading it in a web browser, we assume that you expected to actually render a template, not nothing, so we're showing an error to be extra-clear. If you expect 204 No Content, carry on. That's what you'll get from an XHR or API request. Give it a shot.:

Started POST "/__better_errors/4bb448dae67c4386/variables" for ::1 at 2021-08-26 14:21:15 -0400
Started GET "/" for ::1 at 2021-08-26 14:22:55 -0400
Processing by StaticPagesController#root as HTML
Completed 406 Not Acceptable in 20ms (ActiveRecord: 0.0ms)



ActionController::UnknownFormat - StaticPagesController#root is missing a template for this request format and variant.
request.formats: ["text/html"]
request.variant: []
NOTE! For XHR/Ajax or API requests, this action would normally respond with 204 No Content: an empty white screen. Since you're loading it in a web browser, we assume that you expected to actually render a template, not nothing, so we're showing an error to be extra-clear. If you expect 204 No Content, carry on. That's what you'll get from an XHR or API request. Give it a shot.:

Started POST "/__better_errors/8fa360dfe80d8759/variables" for ::1 at 2021-08-26 14:22:56 -0400
Started GET "/" for ::1 at 2021-08-26 14:22:56 -0400
Processing by StaticPagesController#root as HTML
Completed 406 Not Acceptable in 22ms (ActiveRecord: 0.0ms)



ActionController::UnknownFormat - StaticPagesController#root is missing a template for this request format and variant.
request.formats: ["text/html"]
request.variant: []
NOTE! For XHR/Ajax or API requests, this action would normally respond with 204 No Content: an empty white screen. Since you're loading it in a web browser, we assume that you expected to actually render a template, not nothing, so we're showing an error to be extra-clear. If you expect 204 No Content, carry on. That's what you'll get from an XHR or API request. Give it a shot.:

Started POST "/__better_errors/92d2d3bf8d076a56/variables" for ::1 at 2021-08-26 14:22:57 -0400
Started GET "/" for ::1 at 2021-08-26 14:26:37 -0400
Processing by StaticPagesController#root as HTML
Completed 406 Not Acceptable in 14ms (ActiveRecord: 0.0ms)



ActionController::UnknownFormat - StaticPagesController#root is missing a template for this request format and variant.
request.formats: ["text/html"]
request.variant: []
NOTE! For XHR/Ajax or API requests, this action would normally respond with 204 No Content: an empty white screen. Since you're loading it in a web browser, we assume that you expected to actually render a template, not nothing, so we're showing an error to be extra-clear. If you expect 204 No Content, carry on. That's what you'll get from an XHR or API request. Give it a shot.:

Started POST "/__better_errors/d479d243a3112e78/variables" for ::1 at 2021-08-26 14:26:37 -0400
Started GET "/" for ::1 at 2021-08-26 14:26:45 -0400
Processing by StaticPagesController#root as HTML
Completed 406 Not Acceptable in 22ms (ActiveRecord: 0.0ms)



ActionController::UnknownFormat - StaticPagesController#root is missing a template for this request format and variant.
request.formats: ["text/html"]
request.variant: []
NOTE! For XHR/Ajax or API requests, this action would normally respond with 204 No Content: an empty white screen. Since you're loading it in a web browser, we assume that you expected to actually render a template, not nothing, so we're showing an error to be extra-clear. If you expect 204 No Content, carry on. That's what you'll get from an XHR or API request. Give it a shot.:

Started POST "/__better_errors/96ce161b4a8d7360/variables" for ::1 at 2021-08-26 14:26:45 -0400
Started GET "/" for ::1 at 2021-08-26 14:27:42 -0400
Processing by StaticPagesController#root as HTML
Completed 406 Not Acceptable in 22ms (ActiveRecord: 0.0ms)



ActionController::UnknownFormat - StaticPagesController#root is missing a template for this request format and variant.
request.formats: ["text/html"]
request.variant: []
NOTE! For XHR/Ajax or API requests, this action would normally respond with 204 No Content: an empty white screen. Since you're loading it in a web browser, we assume that you expected to actually render a template, not nothing, so we're showing an error to be extra-clear. If you expect 204 No Content, carry on. That's what you'll get from an XHR or API request. Give it a shot.:

Started POST "/__better_errors/3f775bd9d2359dc6/variables" for ::1 at 2021-08-26 14:27:42 -0400
Started GET "/" for ::1 at 2021-08-26 14:29:33 -0400
Processing by StaticPagesController#root as HTML
Completed 406 Not Acceptable in 22ms (ActiveRecord: 0.0ms)



ActionController::UnknownFormat - StaticPagesController#root is missing a template for this request format and variant.
request.formats: ["text/html"]
request.variant: []
NOTE! For XHR/Ajax or API requests, this action would normally respond with 204 No Content: an empty white screen. Since you're loading it in a web browser, we assume that you expected to actually render a template, not nothing, so we're showing an error to be extra-clear. If you expect 204 No Content, carry on. That's what you'll get from an XHR or API request. Give it a shot.:

Started POST "/__better_errors/361eae317f2362a4/variables" for ::1 at 2021-08-26 14:29:34 -0400
Started GET "/" for ::1 at 2021-08-26 14:32:07 -0400

SyntaxError - syntax error, unexpected '<'
        <div id="root">React is not wo...
        ^
/home/waj/appAcademy/Week_11/W11D4/todoApp/app/controllers/static_pages_controller.rb:3: syntax error, unexpected tIDENTIFIER, expecting keyword_do or '{' or '('
        <div id="root">React is not working</div>.
                             ^~
/home/waj/appAcademy/Week_11/W11D4/todoApp/app/controllers/static_pages_controller.rb:5: unterminated regexp meets end of file
/home/waj/appAcademy/Week_11/W11D4/todoApp/app/controllers/static_pages_controller.rb:5: syntax error, unexpected end-of-input, expecting keyword_end:
  app/controllers/static_pages_controller.rb:3:in `'

Started POST "/__better_errors/114c450d1abe39f3/variables" for ::1 at 2021-08-26 14:32:08 -0400
Started GET "/" for ::1 at 2021-08-26 14:32:18 -0400

SyntaxError - syntax error, unexpected '<'
        <div id="root">React is not wo...
        ^
/home/waj/appAcademy/Week_11/W11D4/todoApp/app/controllers/static_pages_controller.rb:3: syntax error, unexpected tIDENTIFIER, expecting keyword_do or '{' or '('
        <div id="root">React is not working</div>.
                             ^~
/home/waj/appAcademy/Week_11/W11D4/todoApp/app/controllers/static_pages_controller.rb:5: unterminated regexp meets end of file
/home/waj/appAcademy/Week_11/W11D4/todoApp/app/controllers/static_pages_controller.rb:5: syntax error, unexpected end-of-input, expecting keyword_end:
  app/controllers/static_pages_controller.rb:3:in `'

Started POST "/__better_errors/db9b3c56c0b2348f/variables" for ::1 at 2021-08-26 14:32:18 -0400
Started GET "/" for ::1 at 2021-08-26 14:34:00 -0400
Processing by StaticPagesController#root as HTML
Completed 406 Not Acceptable in 19ms (ActiveRecord: 0.0ms)



ActionController::UnknownFormat - StaticPagesController#root is missing a template for this request format and variant.
request.formats: ["text/html"]
request.variant: []
NOTE! For XHR/Ajax or API requests, this action would normally respond with 204 No Content: an empty white screen. Since you're loading it in a web browser, we assume that you expected to actually render a template, not nothing, so we're showing an error to be extra-clear. If you expect 204 No Content, carry on. That's what you'll get from an XHR or API request. Give it a shot.:

Started POST "/__better_errors/c0f1e1f9b5c56f55/variables" for ::1 at 2021-08-26 14:34:00 -0400
Started GET "/" for ::1 at 2021-08-26 14:36:27 -0400
Processing by StaticPagesController#root as HTML
Completed 406 Not Acceptable in 15ms (ActiveRecord: 0.0ms)



ActionController::UnknownFormat - StaticPagesController#root is missing a template for this request format and variant.
request.formats: ["text/html"]
request.variant: []
NOTE! For XHR/Ajax or API requests, this action would normally respond with 204 No Content: an empty white screen. Since you're loading it in a web browser, we assume that you expected to actually render a template, not nothing, so we're showing an error to be extra-clear. If you expect 204 No Content, carry on. That's what you'll get from an XHR or API request. Give it a shot.:

Started POST "/__better_errors/99e650855d737347/variables" for ::1 at 2021-08-26 14:36:27 -0400
Started GET "/" for ::1 at 2021-08-26 14:36:58 -0400
Processing by StaticPagesController#root as HTML
Completed 406 Not Acceptable in 17ms (ActiveRecord: 0.0ms)



ActionController::UnknownFormat - StaticPagesController#root is missing a template for this request format and variant.
request.formats: ["text/html"]
request.variant: []
NOTE! For XHR/Ajax or API requests, this action would normally respond with 204 No Content: an empty white screen. Since you're loading it in a web browser, we assume that you expected to actually render a template, not nothing, so we're showing an error to be extra-clear. If you expect 204 No Content, carry on. That's what you'll get from an XHR or API request. Give it a shot.:

Started POST "/__better_errors/905346c4b2c5f6e9/variables" for ::1 at 2021-08-26 14:36:58 -0400
Started GET "/" for ::1 at 2021-08-26 14:41:04 -0400
Processing by StaticPagesController#root as HTML
Completed 406 Not Acceptable in 18ms (ActiveRecord: 0.0ms)



ActionController::UnknownFormat - StaticPagesController#root is missing a template for this request format and variant.
request.formats: ["text/html"]
request.variant: []
NOTE! For XHR/Ajax or API requests, this action would normally respond with 204 No Content: an empty white screen. Since you're loading it in a web browser, we assume that you expected to actually render a template, not nothing, so we're showing an error to be extra-clear. If you expect 204 No Content, carry on. That's what you'll get from an XHR or API request. Give it a shot.:

Started POST "/__better_errors/188ec28f23b79547/variables" for ::1 at 2021-08-26 14:41:05 -0400
Started GET "/" for ::1 at 2021-08-26 14:45:46 -0400
Processing by StaticPagesController#root as HTML
  Rendering static_pages/root.html.erb within layouts/application
  Rendered static_pages/root.html.erb within layouts/application (1.8ms)
Completed 200 OK in 1538ms (Views: 1535.9ms | ActiveRecord: 0.0ms)


Started GET "/" for ::1 at 2021-08-26 14:45:49 -0400
Processing by StaticPagesController#root as HTML
  Rendering static_pages/root.html.erb within layouts/application
  Rendered static_pages/root.html.erb within layouts/application (0.7ms)
Completed 200 OK in 37ms (Views: 35.2ms | ActiveRecord: 0.0ms)


Started GET "/" for ::1 at 2021-08-26 14:46:01 -0400
Processing by StaticPagesController#root as HTML
  Rendering static_pages/root.html.erb within layouts/application
  Rendered static_pages/root.html.erb within layouts/application (1.4ms)
Completed 200 OK in 42ms (Views: 41.2ms | ActiveRecord: 0.0ms)


